[debug] [2025-01-25T11:38:45.934Z] ----------------------------------------------------------------------
[debug] [2025-01-25T11:38:45.936Z] Command:       /usr/local/bin/node /usr/local/bin/firebase deploy
[debug] [2025-01-25T11:38:45.936Z] CLI Version:   13.29.2
[debug] [2025-01-25T11:38:45.937Z] Platform:      darwin
[debug] [2025-01-25T11:38:45.937Z] Node Version:  v20.15.0
[debug] [2025-01-25T11:38:45.937Z] Time:          Sat Jan 25 2025 18:38:45 GMT+0700 (Western Indonesia Time)
[debug] [2025-01-25T11:38:45.937Z] ----------------------------------------------------------------------
[debug] 
[debug] [2025-01-25T11:38:46.077Z] > command requires scopes: ["email","openid","https://www.googleapis.com/auth/cloudplatformprojects.readonly","https://www.googleapis.com/auth/firebase","https://www.googleapis.com/auth/cloud-platform"]
[debug] [2025-01-25T11:38:46.077Z] > authorizing via signed-in user (mr643062@gmail.com)
[debug] [2025-01-25T11:38:46.078Z] [iam] checking project portfolio-ridwan for permissions ["firebase.projects.get","firebasehosting.sites.update"]
[debug] [2025-01-25T11:38:46.078Z] Checked if tokens are valid: true, expires at: 1737808670825
[debug] [2025-01-25T11:38:46.078Z] Checked if tokens are valid: true, expires at: 1737808670825
[debug] [2025-01-25T11:38:46.079Z] >>> [apiv2][query] POST https://cloudresourcemanager.googleapis.com/v1/projects/portfolio-ridwan:testIamPermissions [none]
[debug] [2025-01-25T11:38:46.079Z] >>> [apiv2][(partial)header] POST https://cloudresourcemanager.googleapis.com/v1/projects/portfolio-ridwan:testIamPermissions x-goog-quota-user=projects/portfolio-ridwan
[debug] [2025-01-25T11:38:46.079Z] >>> [apiv2][body] POST https://cloudresourcemanager.googleapis.com/v1/projects/portfolio-ridwan:testIamPermissions {"permissions":["firebase.projects.get","firebasehosting.sites.update"]}
[debug] [2025-01-25T11:38:51.251Z] <<< [apiv2][status] POST https://cloudresourcemanager.googleapis.com/v1/projects/portfolio-ridwan:testIamPermissions 200
[debug] [2025-01-25T11:38:51.251Z] <<< [apiv2][body] POST https://cloudresourcemanager.googleapis.com/v1/projects/portfolio-ridwan:testIamPermissions {"permissions":["firebase.projects.get","firebasehosting.sites.update"]}
[debug] [2025-01-25T11:38:51.252Z] Checked if tokens are valid: true, expires at: 1737808670825
[debug] [2025-01-25T11:38:51.252Z] Checked if tokens are valid: true, expires at: 1737808670825
[debug] [2025-01-25T11:38:51.253Z] >>> [apiv2][query] GET https://firebase.googleapis.com/v1beta1/projects/portfolio-ridwan [none]
[debug] [2025-01-25T11:38:55.253Z] <<< [apiv2][status] GET https://firebase.googleapis.com/v1beta1/projects/portfolio-ridwan 200
[debug] [2025-01-25T11:38:55.253Z] <<< [apiv2][body] GET https://firebase.googleapis.com/v1beta1/projects/portfolio-ridwan {"projectId":"portfolio-ridwan","projectNumber":"659312616456","displayName":"Portfolio-Ridwan","name":"projects/portfolio-ridwan","resources":{"hostingSite":"portfolio-ridwan"},"state":"ACTIVE","etag":"1_8d6b651a-aa40-4a0e-9e23-4f078e37632b"}
[info] 
[info] === Deploying to 'portfolio-ridwan'...
[info] 
[info] i  deploying hosting 
[debug] [2025-01-25T11:38:55.261Z] Checked if tokens are valid: true, expires at: 1737808670825
[debug] [2025-01-25T11:38:55.261Z] Checked if tokens are valid: true, expires at: 1737808670825
[debug] [2025-01-25T11:38:55.261Z] >>> [apiv2][query] POST https://firebasehosting.googleapis.com/v1beta1/projects/-/sites/portfolio-ridwan/versions [none]
[debug] [2025-01-25T11:38:55.261Z] >>> [apiv2][body] POST https://firebasehosting.googleapis.com/v1beta1/projects/-/sites/portfolio-ridwan/versions {"status":"CREATED","labels":{"deployment-tool":"cli-firebase"}}
[debug] [2025-01-25T11:39:01.039Z] <<< [apiv2][status] POST https://firebasehosting.googleapis.com/v1beta1/projects/-/sites/portfolio-ridwan/versions 200
[debug] [2025-01-25T11:39:01.039Z] <<< [apiv2][body] POST https://firebasehosting.googleapis.com/v1beta1/projects/-/sites/portfolio-ridwan/versions {"name":"projects/659312616456/sites/portfolio-ridwan/versions/ea05b19094968c3a","status":"CREATED","config":{},"labels":{"deployment-tool":"cli-firebase"}}
[info] i  hosting[portfolio-ridwan]: beginning deploy... 
[info] i  hosting[portfolio-ridwan]: found 61 files in build 
[debug] [2025-01-25T11:39:01.063Z] [hosting] uploading with 200 concurrency
[debug] [2025-01-25T11:39:01.064Z] [hosting] hash cache [YnVpbGQ] not populated
[debug] [2025-01-25T11:39:03.284Z] Checked if tokens are valid: true, expires at: 1737808670825
[debug] [2025-01-25T11:39:03.284Z] Checked if tokens are valid: true, expires at: 1737808670825
[debug] [2025-01-25T11:39:03.286Z] [hosting] hash cache [YnVpbGQ] stored for 61 files
[debug] [2025-01-25T11:39:03.286Z] [hosting][hash queue][FINAL] {"max":2216,"min":15,"avg":230.68852459016392,"active":0,"complete":61,"success":61,"errored":0,"retried":0,"total":61,"elapsed":2221}
[debug] [2025-01-25T11:39:03.286Z] >>> [apiv2][query] POST https://firebasehosting.googleapis.com/v1beta1/projects/659312616456/sites/portfolio-ridwan/versions/ea05b19094968c3a:populateFiles [none]
[debug] [2025-01-25T11:39:03.286Z] >>> [apiv2][body] POST https://firebasehosting.googleapis.com/v1beta1/projects/659312616456/sites/portfolio-ridwan/versions/ea05b19094968c3a:populateFiles {"files":{"/robots.txt":"391d14b3c2f8c9143a27a28c7399585142228d4d1bdbe2c87ac946de411fa9a2","/manifest.json":"4e1d3adad9ce7e17c0d13fac197f1c27091906f4ecf3909c9f51247bff345118","/index.html":"0d36d63a40fd420d8f5d9e8fe9e700463f124776cdb08110fcebd03e03f0636b","/asset-manifest.json":"240f031d8b1ce3802f45c9a365bcbe539106cbb1bf8d0a8ffa1b2bbab6bbf776","/404.html":"b6abfbdc894d37c260154e281499dc6415bb6ad76b32f01ef94dee93aa897ac4","/icon-web.jpg":"68e73ba7972d4a20ef00bb19939beeb2e1fc73f13cb1bb203e9197fa205b4217","/static/media/profile.e270681513605e789727348465bd0a27.svg":"c3383fc5d4be286f80df05d62e75a6210e281610c97a6d7e36a5a3e65a5272d4","/static/js/main.eb49f4eb.js.LICENSE.txt":"c6d83d195e162782a2112fc33213504b0ffa99a16b7d95382c91ff6ded92cbf5","/static/css/main.d16e24cf.css":"591ccc1fd3dac8765c2249fb04fec1aaa9379b1cbe397a279dfdf77974985f22","/icons/vite.jpeg":"50ad6325d2df479f89d6f694d865db75b42c13c4c414898430155e92a0d708bd","/icons/udex.jpeg":"a916910755f6a1a79f6677c7414a67e4006f097065d337ca60799fa3482dbbad","/icons/tailwindcss.png":"632a2ae3782adbca18ee9d193123fc0fd1465d623c9bd11e7012b715ae092b25","/static/css/main.d16e24cf.css.map":"3293ccb99bffe5637441876a7988a78435259288e79695327675a12190169b9e","/icons/redux-toolkit.png":"e62245215161c7bc3b91da405797428cd70b390dc0a87da2ae1a1b703edf3a56","/icons/reactnative.svg":"a8bc1aa8bebf7717390d61eceeabdfc3334e9756bc323b81c7da865e1ba2dbb6","/icons/react.png":"e86264c061bfdc0ef51bc23c38bbb302269d4a80c9689d8ebf0e036b4463b660","/icons/mt.png":"5f16f7e1fb09b694e968d7ff63ff3c24fb181422c87f7e2c777779635eedb2b6","/icons/react-router.png":"144ef2c3062110f975523e35f032adecf399a0af1ef49269a5a5728be07e1d51","/icons/material-ui.jpg":"1aaa9d735c59eee294862ae3aaea092e2268c3edd946c7d5c5af6cc8c831d1c4","/icons/postman.png":"3343c7d587c23a649cd3dd416a63088b1946aab943a26d06000dfe2309dcc6ca","/icons/js.png":"0c73eeaece00d0ff21706735d1d8c49fb2a9daeab86feff0e0e8b80f4c203b91","/icons/graphql.png":"e7e897b0ed01763f1819cba81ac2ce3b8867fd462e1cec28c6014fd1a18c5ad6","/icons/github.png":"21d550314f3d8cb038a8fe241ffb5eb191870cd3b1465300ee69dd881b9b4671","/icons/gangco.jpeg":"57fef7b2134b78c2630757ae369e4b2b823a6f4d37e37a3a128c7797024b2612","/icons/github.jpg":"6f266845afa17368f9af01e83f3925f4fbfb765c1685ccea642c746898204f41","/icons/se.png":"9cc87a3f48ef931ca390bd23bb3ff69706d06f0b89bc9bf12cd1d56feaae9f00","/icons/html.png":"630f1b8626b9e886bed587754679682c86b9fbd31f725792e295594fa277bcd8","/icons/socket.png":"f35d50526abea5b9c1da3973bd9deceac991445fab783c97d5622472fd69c0de","/icons/zustand.png":"485107b5273be9cebe46b28b139b44f44137359740eb4cfa43ef2543b35aa1a2","/icons/react-native-navigation.png":"d2c0338dd858bcf16677ed88a396b31f198f7d234b27ddb66ded02e9515a897d","/icons/framer-motion.png":"1a6da2b87715cc85616e38f032370cc73fe189f7e0198ad3244a67d8a0e74c58","/icons/firebase.png":"664f277f67afa32187718d4c8696dc5113d38b5f375b5e601868054355d2f030","/icons/emailjs.png":"b0d6b15ad6a00a3514a50a1edff7bf14e6c4fb449aef0ea697edc02dd499b993","/icons/ts.png":"c1360c49026e9d37bf74e2652729e0e7dc191b00ee981234db3bac60ed6dc9e6","/icons/android-studio.png":"2ac4ec887bfca9a692bfe1313df57123d48e6d91367c59a95af3353c6bb8ed4e","/icons/css.png":"043b82804c21f3fed0c1720c2118b5ad23975d3854f75c7e043380f3f6aaa927","/icons/expo.png":"0bc323e1960fef2f96110093c22ae1ad15856557b06dd4c1c46e711ab2396af3","/icons/vite.png":"d00269db128e0dcdeed6b283e295d15a12cb92f8a0793cdd2c161209c14947cc","/icons/sass.png":"06d94ed1ac07cc3c9fc02c7a0a6f1ffe4ba92898cf4bb8c8125f974c03714d30","/icons/flowbite.jpg":"fd09cd3804d95e466ad57915593fc38760a6d375cec67138622c34ebbbf0f526","/icons/css.webp":"21732d8921c9cc60f0f3feb4bd98312667d837825afbdfa9f403e14e8ba4899a","/icons/chartjs.png":"1c4d75ece43e3d66675abce84ade58e9658615e9fdcab1660b96283edb16edef","/icons/next.png":"99f255d668a9a8546c0c56feec4aa40b9bff356ca7ed70b21184233ad4721ffd","/icons/figma.png":"254952db233457f12f874195297228c001a1f65a0adf0f4ae76f4871de51df16","/icons/axios.png":"9beff591ec582ecc0b4e07c2d94b8018735106462fc239263f2bc95fa47f9737","/static/js/main.eb49f4eb.js":"aa21404eb93fde97fce189721161de39b665fb996638990f67dfdb73c7280464","/static/media/ecommerce-wa-checkout.9479694cbc09b8aec62e.mov":"188d26813263cfb6bf954fc3ee98ca3151819becf23b06c10ac5f231da08b121","/static/media/realm-inbox.466b5536eed619e7b718.mov":"086a473c7e912cbc1f552ae8f7d1840edf5207587a0ba6249e373dfd29ff414f","/static/js/main.eb49f4eb.js.map":"a2eca7dc87c0c9373bbafa9bdee7cff1bd410e29981dc5baa72b91284f88258e","/static/media/team-inbox-app.44ae9e9e85cde7ef6016.mov":"aba05ced13599a49c55d95c7f1d3b95f25cc85ca87585c7d93bfad84da70ba6e","/static/media/e-learning.5d1e2d7119ceff6e4965.mp4":"8fe6e08ddcde752689a3f0fb5be3e0d474424e5e0ed469d705f2e44752e4d678","/static/media/hospice-medical.edaae3f6de427ddc14a2.mp4":"446686e37b5367f17ac7bdb6bb3dbe541000822937c47f39d3b390f231228741","/static/media/rs-permata.6d0c099048229ec4bcb0.mp4":"caac1395083f163bbc731527f07dae372761c7e8371943b81f964ed60dab730b","/static/media/admin-hm.c16a401d3860c08654f0.mp4":"5c04de1393127ac594ca7fa25ba76980e01ac8a50d61d4002dfc063b6817844f","/static/media/pendataan.dab06877226249292de9.mp4":"de45513e0a859659d9ac3f062c83c9689bf27afe46bbfa968715b5e6e9fc6b2d","/static/media/bibit.2f021c57290de365f482.mp4":"fba8cdfd9a7a5251b41b9ed17ba066b9d659024a28025914f499042c71548655","/static/media/app-komers.5854d91917f392a63416.mp4":"4f73a4617634c466d259963d1a3cd765d4e014b6edad4de8fca04737db4bd9ad","/static/media/rs-gatot-soebroto.230a5f4c2b856c0ccf1b.mp4":"3aec93cebb2d1cc77b3f44cd828e32236b2f113b7fb7f9cc26c74ad79ea0922c","/static/media/ecommerce-tg-checkout.eb00e0bd860cd341d72e.mov":"cf25fa25654cb166d5f4ef37296c9bd7de653ef835fac2ecb3a03464c804bc76","/static/media/storefront.de3f7786833233f63cd6.mov":"dd117dc482cf8c4351eaee0e4ac7a2a9f902548693f7f5a12a0624a6ab4a5865","/static/media/komers-landing.85907a4c8d6fdc656efc.mov":"a8283239a45c26ed94b20ce0ee5689f617857475bbe3ebf306b82671e2857a62"}}
[debug] [2025-01-25T11:39:08.153Z] <<< [apiv2][status] POST https://firebasehosting.googleapis.com/v1beta1/projects/659312616456/sites/portfolio-ridwan/versions/ea05b19094968c3a:populateFiles 200
[debug] [2025-01-25T11:39:08.153Z] <<< [apiv2][body] POST https://firebasehosting.googleapis.com/v1beta1/projects/659312616456/sites/portfolio-ridwan/versions/ea05b19094968c3a:populateFiles {"uploadRequiredHashes":["fba8cdfd9a7a5251b41b9ed17ba066b9d659024a28025914f499042c71548655","dd117dc482cf8c4351eaee0e4ac7a2a9f902548693f7f5a12a0624a6ab4a5865","4f73a4617634c466d259963d1a3cd765d4e014b6edad4de8fca04737db4bd9ad","a8283239a45c26ed94b20ce0ee5689f617857475bbe3ebf306b82671e2857a62","3aec93cebb2d1cc77b3f44cd828e32236b2f113b7fb7f9cc26c74ad79ea0922c","cf25fa25654cb166d5f4ef37296c9bd7de653ef835fac2ecb3a03464c804bc76"],"uploadUrl":"https://upload-firebasehosting.googleapis.com/upload/sites/portfolio-ridwan/versions/ea05b19094968c3a/files"}
[debug] [2025-01-25T11:39:08.154Z] Checked if tokens are valid: true, expires at: 1737808670825
[debug] [2025-01-25T11:39:08.154Z] Checked if tokens are valid: true, expires at: 1737808670825
[debug] [2025-01-25T11:39:08.154Z] Checked if tokens are valid: true, expires at: 1737808670825
[debug] [2025-01-25T11:39:08.155Z] Checked if tokens are valid: true, expires at: 1737808670825
[debug] [2025-01-25T11:39:08.155Z] Checked if tokens are valid: true, expires at: 1737808670825
[debug] [2025-01-25T11:39:08.155Z] Checked if tokens are valid: true, expires at: 1737808670825
[debug] [2025-01-25T11:39:08.155Z] Checked if tokens are valid: true, expires at: 1737808670825
[debug] [2025-01-25T11:39:08.155Z] Checked if tokens are valid: true, expires at: 1737808670825
[debug] [2025-01-25T11:39:08.155Z] Checked if tokens are valid: true, expires at: 1737808670825
[debug] [2025-01-25T11:39:08.156Z] Checked if tokens are valid: true, expires at: 1737808670825
[debug] [2025-01-25T11:39:08.156Z] Checked if tokens are valid: true, expires at: 1737808670825
[debug] [2025-01-25T11:39:08.156Z] Checked if tokens are valid: true, expires at: 1737808670825
[debug] [2025-01-25T11:39:08.156Z] >>> [apiv2][query] POST https://upload-firebasehosting.googleapis.com/upload/sites/portfolio-ridwan/versions/ea05b19094968c3a/files/fba8cdfd9a7a5251b41b9ed17ba066b9d659024a28025914f499042c71548655 [none]
[debug] [2025-01-25T11:39:08.156Z] >>> [apiv2][body] POST https://upload-firebasehosting.googleapis.com/upload/sites/portfolio-ridwan/versions/ea05b19094968c3a/files/fba8cdfd9a7a5251b41b9ed17ba066b9d659024a28025914f499042c71548655 [stream]
[debug] [2025-01-25T11:39:08.161Z] >>> [apiv2][query] POST https://upload-firebasehosting.googleapis.com/upload/sites/portfolio-ridwan/versions/ea05b19094968c3a/files/dd117dc482cf8c4351eaee0e4ac7a2a9f902548693f7f5a12a0624a6ab4a5865 [none]
[debug] [2025-01-25T11:39:08.161Z] >>> [apiv2][body] POST https://upload-firebasehosting.googleapis.com/upload/sites/portfolio-ridwan/versions/ea05b19094968c3a/files/dd117dc482cf8c4351eaee0e4ac7a2a9f902548693f7f5a12a0624a6ab4a5865 [stream]
[debug] [2025-01-25T11:39:08.163Z] >>> [apiv2][query] POST https://upload-firebasehosting.googleapis.com/upload/sites/portfolio-ridwan/versions/ea05b19094968c3a/files/4f73a4617634c466d259963d1a3cd765d4e014b6edad4de8fca04737db4bd9ad [none]
[debug] [2025-01-25T11:39:08.163Z] >>> [apiv2][body] POST https://upload-firebasehosting.googleapis.com/upload/sites/portfolio-ridwan/versions/ea05b19094968c3a/files/4f73a4617634c466d259963d1a3cd765d4e014b6edad4de8fca04737db4bd9ad [stream]
[debug] [2025-01-25T11:39:08.164Z] >>> [apiv2][query] POST https://upload-firebasehosting.googleapis.com/upload/sites/portfolio-ridwan/versions/ea05b19094968c3a/files/a8283239a45c26ed94b20ce0ee5689f617857475bbe3ebf306b82671e2857a62 [none]
[debug] [2025-01-25T11:39:08.164Z] >>> [apiv2][body] POST https://upload-firebasehosting.googleapis.com/upload/sites/portfolio-ridwan/versions/ea05b19094968c3a/files/a8283239a45c26ed94b20ce0ee5689f617857475bbe3ebf306b82671e2857a62 [stream]
[debug] [2025-01-25T11:39:08.165Z] >>> [apiv2][query] POST https://upload-firebasehosting.googleapis.com/upload/sites/portfolio-ridwan/versions/ea05b19094968c3a/files/3aec93cebb2d1cc77b3f44cd828e32236b2f113b7fb7f9cc26c74ad79ea0922c [none]
[debug] [2025-01-25T11:39:08.165Z] >>> [apiv2][body] POST https://upload-firebasehosting.googleapis.com/upload/sites/portfolio-ridwan/versions/ea05b19094968c3a/files/3aec93cebb2d1cc77b3f44cd828e32236b2f113b7fb7f9cc26c74ad79ea0922c [stream]
[debug] [2025-01-25T11:39:08.166Z] >>> [apiv2][query] POST https://upload-firebasehosting.googleapis.com/upload/sites/portfolio-ridwan/versions/ea05b19094968c3a/files/cf25fa25654cb166d5f4ef37296c9bd7de653ef835fac2ecb3a03464c804bc76 [none]
[debug] [2025-01-25T11:39:08.166Z] >>> [apiv2][body] POST https://upload-firebasehosting.googleapis.com/upload/sites/portfolio-ridwan/versions/ea05b19094968c3a/files/cf25fa25654cb166d5f4ef37296c9bd7de653ef835fac2ecb3a03464c804bc76 [stream]
[debug] [2025-01-25T11:39:08.167Z] [hosting][populate queue][FINAL] {"max":4872,"min":4872,"avg":4872,"active":0,"complete":1,"success":1,"errored":0,"retried":0,"total":1,"elapsed":4883}
[debug] [2025-01-25T11:39:08.167Z] [hosting] uploads queued: 6
[debug] [2025-01-25T11:41:13.568Z] [uploadQueue] Retrying task fba8cdfd9a7a5251b41b9ed17ba066b9d659024a28025914f499042c71548655
[debug] [2025-01-25T11:41:13.570Z] Checked if tokens are valid: true, expires at: 1737808670825
[debug] [2025-01-25T11:41:13.570Z] Checked if tokens are valid: true, expires at: 1737808670825
[debug] [2025-01-25T11:41:13.570Z] >>> [apiv2][query] POST https://upload-firebasehosting.googleapis.com/upload/sites/portfolio-ridwan/versions/ea05b19094968c3a/files/fba8cdfd9a7a5251b41b9ed17ba066b9d659024a28025914f499042c71548655 [none]
[debug] [2025-01-25T11:41:13.570Z] >>> [apiv2][body] POST https://upload-firebasehosting.googleapis.com/upload/sites/portfolio-ridwan/versions/ea05b19094968c3a/files/fba8cdfd9a7a5251b41b9ed17ba066b9d659024a28025914f499042c71548655 [stream]
[debug] [2025-01-25T11:42:31.004Z] [uploadQueue] Retrying task 4f73a4617634c466d259963d1a3cd765d4e014b6edad4de8fca04737db4bd9ad
[debug] [2025-01-25T11:42:31.006Z] Checked if tokens are valid: true, expires at: 1737808670825
[debug] [2025-01-25T11:42:31.006Z] Checked if tokens are valid: true, expires at: 1737808670825
[debug] [2025-01-25T11:42:31.006Z] >>> [apiv2][query] POST https://upload-firebasehosting.googleapis.com/upload/sites/portfolio-ridwan/versions/ea05b19094968c3a/files/4f73a4617634c466d259963d1a3cd765d4e014b6edad4de8fca04737db4bd9ad [none]
[debug] [2025-01-25T11:42:31.006Z] >>> [apiv2][body] POST https://upload-firebasehosting.googleapis.com/upload/sites/portfolio-ridwan/versions/ea05b19094968c3a/files/4f73a4617634c466d259963d1a3cd765d4e014b6edad4de8fca04737db4bd9ad [stream]
[debug] [2025-01-25T11:43:19.377Z] [uploadQueue] Retrying task fba8cdfd9a7a5251b41b9ed17ba066b9d659024a28025914f499042c71548655
[debug] [2025-01-25T11:43:19.378Z] Checked if tokens are valid: true, expires at: 1737808670825
[debug] [2025-01-25T11:43:19.378Z] Checked if tokens are valid: true, expires at: 1737808670825
[debug] [2025-01-25T11:43:19.379Z] >>> [apiv2][query] POST https://upload-firebasehosting.googleapis.com/upload/sites/portfolio-ridwan/versions/ea05b19094968c3a/files/fba8cdfd9a7a5251b41b9ed17ba066b9d659024a28025914f499042c71548655 [none]
[debug] [2025-01-25T11:43:19.379Z] >>> [apiv2][body] POST https://upload-firebasehosting.googleapis.com/upload/sites/portfolio-ridwan/versions/ea05b19094968c3a/files/fba8cdfd9a7a5251b41b9ed17ba066b9d659024a28025914f499042c71548655 [stream]
[debug] [2025-01-25T11:43:39.464Z] [uploadQueue] Retrying task 3aec93cebb2d1cc77b3f44cd828e32236b2f113b7fb7f9cc26c74ad79ea0922c
[debug] [2025-01-25T11:43:39.465Z] Checked if tokens are valid: true, expires at: 1737808670825
[debug] [2025-01-25T11:43:39.465Z] Checked if tokens are valid: true, expires at: 1737808670825
[debug] [2025-01-25T11:43:39.466Z] >>> [apiv2][query] POST https://upload-firebasehosting.googleapis.com/upload/sites/portfolio-ridwan/versions/ea05b19094968c3a/files/3aec93cebb2d1cc77b3f44cd828e32236b2f113b7fb7f9cc26c74ad79ea0922c [none]
[debug] [2025-01-25T11:43:39.466Z] >>> [apiv2][body] POST https://upload-firebasehosting.googleapis.com/upload/sites/portfolio-ridwan/versions/ea05b19094968c3a/files/3aec93cebb2d1cc77b3f44cd828e32236b2f113b7fb7f9cc26c74ad79ea0922c [stream]
[debug] [2025-01-25T11:44:27.145Z] [uploadQueue] Retrying task cf25fa25654cb166d5f4ef37296c9bd7de653ef835fac2ecb3a03464c804bc76
[debug] [2025-01-25T11:44:27.146Z] Checked if tokens are valid: true, expires at: 1737808670825
[debug] [2025-01-25T11:44:27.146Z] Checked if tokens are valid: true, expires at: 1737808670825
[debug] [2025-01-25T11:44:27.146Z] >>> [apiv2][query] POST https://upload-firebasehosting.googleapis.com/upload/sites/portfolio-ridwan/versions/ea05b19094968c3a/files/cf25fa25654cb166d5f4ef37296c9bd7de653ef835fac2ecb3a03464c804bc76 [none]
[debug] [2025-01-25T11:44:27.146Z] >>> [apiv2][body] POST https://upload-firebasehosting.googleapis.com/upload/sites/portfolio-ridwan/versions/ea05b19094968c3a/files/cf25fa25654cb166d5f4ef37296c9bd7de653ef835fac2ecb3a03464c804bc76 [stream]
[debug] [2025-01-25T11:45:25.983Z] [uploadQueue] Retrying task fba8cdfd9a7a5251b41b9ed17ba066b9d659024a28025914f499042c71548655
[debug] [2025-01-25T11:45:25.984Z] Checked if tokens are valid: true, expires at: 1737808670825
[debug] [2025-01-25T11:45:25.985Z] Checked if tokens are valid: true, expires at: 1737808670825
[debug] [2025-01-25T11:45:25.985Z] >>> [apiv2][query] POST https://upload-firebasehosting.googleapis.com/upload/sites/portfolio-ridwan/versions/ea05b19094968c3a/files/fba8cdfd9a7a5251b41b9ed17ba066b9d659024a28025914f499042c71548655 [none]
[debug] [2025-01-25T11:45:25.985Z] >>> [apiv2][body] POST https://upload-firebasehosting.googleapis.com/upload/sites/portfolio-ridwan/versions/ea05b19094968c3a/files/fba8cdfd9a7a5251b41b9ed17ba066b9d659024a28025914f499042c71548655 [stream]
[debug] [2025-01-25T11:45:54.252Z] [uploadQueue] Retrying task 4f73a4617634c466d259963d1a3cd765d4e014b6edad4de8fca04737db4bd9ad
[debug] [2025-01-25T11:45:54.254Z] Checked if tokens are valid: true, expires at: 1737808670825
[debug] [2025-01-25T11:45:54.254Z] Checked if tokens are valid: true, expires at: 1737808670825
[debug] [2025-01-25T11:45:54.254Z] >>> [apiv2][query] POST https://upload-firebasehosting.googleapis.com/upload/sites/portfolio-ridwan/versions/ea05b19094968c3a/files/4f73a4617634c466d259963d1a3cd765d4e014b6edad4de8fca04737db4bd9ad [none]
[debug] [2025-01-25T11:45:54.254Z] >>> [apiv2][body] POST https://upload-firebasehosting.googleapis.com/upload/sites/portfolio-ridwan/versions/ea05b19094968c3a/files/4f73a4617634c466d259963d1a3cd765d4e014b6edad4de8fca04737db4bd9ad [stream]
[debug] [2025-01-25T11:47:34.192Z] [uploadQueue] Retrying task fba8cdfd9a7a5251b41b9ed17ba066b9d659024a28025914f499042c71548655
[debug] [2025-01-25T11:47:34.193Z] Checked if tokens are valid: true, expires at: 1737808670825
[debug] [2025-01-25T11:47:34.193Z] Checked if tokens are valid: true, expires at: 1737808670825
[debug] [2025-01-25T11:47:34.193Z] >>> [apiv2][query] POST https://upload-firebasehosting.googleapis.com/upload/sites/portfolio-ridwan/versions/ea05b19094968c3a/files/fba8cdfd9a7a5251b41b9ed17ba066b9d659024a28025914f499042c71548655 [none]
[debug] [2025-01-25T11:47:34.193Z] >>> [apiv2][body] POST https://upload-firebasehosting.googleapis.com/upload/sites/portfolio-ridwan/versions/ea05b19094968c3a/files/fba8cdfd9a7a5251b41b9ed17ba066b9d659024a28025914f499042c71548655 [stream]
